<?xml version="1.0" encoding="UTF-8"?>
<testng-results ignored="0" total="2" passed="2" failed="0" skipped="0">
  <reporter-output>
  </reporter-output>
  <suite started-at="2022-04-19T19:33:33 EDT" name="Suite" finished-at="2022-04-19T19:33:33 EDT" duration-ms="26">
    <groups>
    </groups>
    <test started-at="2022-04-19T19:33:33 EDT" name="Test" finished-at="2022-04-19T19:33:33 EDT" duration-ms="26">
      <class name="Ppackage.DemoThreeTest">
        <test-method signature="mThree()[pri:0, instance:Ppackage.DemoThreeTest@7fee8714]" started-at="2022-04-19T19:33:33 EDT" name="mThree" finished-at="2022-04-19T19:33:33 EDT" duration-ms="0" status="PASS">
          <reporter-output>
          </reporter-output>
        </test-method> <!-- mThree -->
      </class> <!-- Ppackage.DemoThreeTest -->
      <class name="Ppackage.DemoTwoTest">
        <test-method signature="mTwo()[pri:0, instance:Ppackage.DemoTwoTest@4efc180e]" started-at="2022-04-19T19:33:33 EDT" name="mTwo" finished-at="2022-04-19T19:33:33 EDT" duration-ms="4" status="PASS">
          <reporter-output>
          </reporter-output>
        </test-method> <!-- mTwo -->
      </class> <!-- Ppackage.DemoTwoTest -->
    </test> <!-- Test -->
  </suite> <!-- Suite -->
</testng-results>
